size of array:  9092
Training epoch 1
Training loss: 0.5530
Valid acc: 0.7816
Training epoch 2
Training loss: 0.5407
Valid acc: 0.7816
Training epoch 3
Training loss: 0.5359
Valid acc: 0.7816
Training epoch 4
Training loss: 0.5329
Valid acc: 0.7836
Training epoch 5
Training loss: 0.5303
Valid acc: 0.7874
Training epoch 6
Training loss: 0.5276
Valid acc: 0.7819
Training epoch 7
Training loss: 0.5253
Valid acc: 0.7884
Training epoch 8
Training loss: 0.5234
Valid acc: 0.7860
Training epoch 9
Training loss: 0.5222
Valid acc: 0.7809
Training epoch 10
Training loss: 0.5208
Valid acc: 0.7379
Training epoch 11
Training loss: 0.5196
Valid acc: 0.7946
Training epoch 12
Training loss: 0.5185
Valid acc: 0.7819
Training epoch 13
Training loss: 0.5176
Valid acc: 0.7826
Training epoch 14
Training loss: 0.5168
Valid acc: 0.7816
Training epoch 15
Training loss: 0.5161
Valid acc: 0.7871
Training epoch 16
Training loss: 0.5155
Valid acc: 0.8050
Training epoch 17
Training loss: 0.5149
Valid acc: 0.8012
Training epoch 18
Training loss: 0.5144
Valid acc: 0.7915
Training epoch 19
Training loss: 0.5140
Valid acc: 0.8019
Training epoch 20
Training loss: 0.5136
Valid acc: 0.7926
Training epoch 21
Training loss: 0.5131
Valid acc: 0.8050
Training epoch 22
Training loss: 0.5128
Valid acc: 0.7829
Training epoch 23
Training loss: 0.5125
Valid acc: 0.8022
Training epoch 24
Training loss: 0.5124
Valid acc: 0.7829
Training epoch 25
Training loss: 0.5121
Valid acc: 0.7816
Training epoch 26
Training loss: 0.5119
Valid acc: 0.7905
Training epoch 27
Training loss: 0.5116
Valid acc: 0.8067
Training epoch 28
Training loss: 0.5113
Valid acc: 0.7933
Training epoch 29
Training loss: 0.5112
Valid acc: 0.8008
Training epoch 30
Training loss: 0.5109
Valid acc: 0.7994
Training epoch 31
Training loss: 0.5107
Valid acc: 0.7967
Training epoch 32
Training loss: 0.5105
Valid acc: 0.7977
Training epoch 33
Training loss: 0.5103
Valid acc: 0.7960
Training epoch 34
Training loss: 0.5101
Valid acc: 0.8046
Training epoch 35
Training loss: 0.5100
Valid acc: 0.7908
Training epoch 36
Training loss: 0.5098
Valid acc: 0.8032
Training epoch 37
Training loss: 0.5096
Valid acc: 0.8053
Training epoch 38
Training loss: 0.5095
Valid acc: 0.7891
Training epoch 39
Training loss: 0.5094
Valid acc: 0.7884
Training epoch 40
Training loss: 0.5092
Valid acc: 0.7950
Training epoch 41
Training loss: 0.5091
Valid acc: 0.7922
Training epoch 42
Training loss: 0.5090
Valid acc: 0.7933
Training epoch 43
Training loss: 0.5088
Valid acc: 0.7984
Training epoch 44
Training loss: 0.5087
Valid acc: 0.7933
Training epoch 45
Training loss: 0.5086
Valid acc: 0.8025
Training epoch 46
Training loss: 0.5085
Valid acc: 0.7957
Training epoch 47
Training loss: 0.5084
Valid acc: 0.7977
Training epoch 48
Training loss: 0.5082
Valid acc: 0.8029
Training epoch 49
Training loss: 0.5081
Valid acc: 0.8019
Training epoch 50
Training loss: 0.5080
Valid acc: 0.7926
Final Test acc: 0.8012
